{
  "0 debug pnpm:scope": {
    "selected": 7,
    "total": 7,
    "workspacePrefix": "/Users/stevemu/Documents/clean-code/clean-architecture-backend-only-turbo"
  },
  "1 debug pnpm:package-manifest": {
    "initial": {
      "name": "@repo/eslint-config",
      "version": "0.0.0",
      "private": true,
      "files": [
        "library.js",
        "next.js",
        "react-internal.js"
      ],
      "devDependencies": {
        "@typescript-eslint/eslint-plugin": "^7.1.0",
        "@typescript-eslint/parser": "^7.1.0",
        "@vercel/style-guide": "^6.0.0",
        "eslint-config-prettier": "^9.1.0",
        "eslint-config-turbo": "^2.0.6",
        "eslint-plugin-only-warn": "^1.1.0",
        "eslint-plugin-prettier": "^5.1.3",
        "typescript": "^5.3.3"
      }
    },
    "prefix": "/Users/stevemu/Documents/clean-code/clean-architecture-backend-only-turbo/packages/eslint-config"
  },
  "2 debug pnpm:package-manifest": {
    "initial": {
      "name": "@repo/typescript-config",
      "version": "0.0.0",
      "private": true,
      "license": "MIT",
      "publishConfig": {
        "access": "public"
      }
    },
    "prefix": "/Users/stevemu/Documents/clean-code/clean-architecture-backend-only-turbo/packages/typescript-config"
  },
  "3 debug pnpm:package-manifest": {
    "initial": {
      "name": "next-apis",
      "version": "0.1.0",
      "private": true,
      "scripts": {
        "dev": "next dev",
        "build": "next build",
        "start": "next start",
        "ts:check": "tsc --noEmit"
      },
      "dependencies": {
        "next": "^14.2.13",
        "react": "^18.3.1",
        "react-dom": "^18.3.1"
      },
      "devDependencies": {
        "@repo/typescript-config": "workspace:*",
        "@types/eslint": "^8.56.5",
        "@types/node": "^20.11.24",
        "@types/react": "^18.2.61",
        "@types/react-dom": "^18.2.19",
        "eslint": "^8.57.0",
        "typescript": "^5.3.3"
      }
    },
    "prefix": "/Users/stevemu/Documents/clean-code/clean-architecture-backend-only-turbo/apps/apis"
  },
  "4 debug pnpm:package-manifest": {
    "initial": {
      "name": "@repo/entities",
      "version": "0.0.0",
      "private": true,
      "exports": {
        "./UserEntity": "./src/UserEntity.ts"
      },
      "scripts": {
        "ts:check": "tsc --noEmit"
      },
      "dependencies": {},
      "devDependencies": {
        "@repo/eslint-config": "workspace:*",
        "@repo/typescript-config": "workspace:*",
        "typescript": "^5.3.3"
      }
    },
    "prefix": "/Users/stevemu/Documents/clean-code/clean-architecture-backend-only-turbo/packages/entities"
  },
  "5 debug pnpm:package-manifest": {
    "initial": {
      "name": "@repo/gateway",
      "version": "0.0.0",
      "private": true,
      "exports": {
        "./Gateway": "./src/Gateway.ts"
      },
      "scripts": {
        "ts:check": "tsc --noEmit"
      },
      "dependencies": {
        "@repo/entities": "workspace:*"
      },
      "devDependencies": {
        "@repo/eslint-config": "workspace:*",
        "@repo/typescript-config": "workspace:*",
        "typescript": "^5.3.3"
      }
    },
    "prefix": "/Users/stevemu/Documents/clean-code/clean-architecture-backend-only-turbo/packages/gateway"
  },
  "6 debug pnpm:package-manifest": {
    "initial": {
      "name": "@repo/gateway-impl",
      "version": "0.0.0",
      "private": true,
      "exports": {
        "./GatewayImpl": "./src/GatewayImpl.ts"
      },
      "scripts": {
        "ts:check": "tsc --noEmit",
        "test": "TZ=UTC jest"
      },
      "dependencies": {
        "@repo/gateway": "workspace:*",
        "@repo/entities": "workspace:*",
        "aws4": "^1.13.0",
        "mongodb": "^6.8.0",
        "mongoose": "^8.8.0"
      },
      "devDependencies": {
        "@repo/eslint-config": "workspace:*",
        "@repo/typescript-config": "workspace:*",
        "typescript": "^5.3.3"
      }
    },
    "prefix": "/Users/stevemu/Documents/clean-code/clean-architecture-backend-only-turbo/packages/gateway-impl"
  },
  "7 debug pnpm:package-manifest": {
    "initial": {
      "name": "clean-architecture-backend-only-turbo",
      "private": true,
      "scripts": {
        "build": "turbo build",
        "ts:check": "turbo ts:check"
      },
      "devDependencies": {
        "@repo/eslint-config": "workspace:*",
        "@repo/typescript-config": "workspace:*",
        "@types/jest": "^29.5.12",
        "jest": "^29.7.0",
        "prettier": "^3.2.5",
        "ts-jest": "^29.2.4",
        "turbo": "2.1.2"
      },
      "packageManager": "pnpm@9.1.1",
      "engines": {
        "node": ">=20"
      }
    },
    "prefix": "/Users/stevemu/Documents/clean-code/clean-architecture-backend-only-turbo"
  },
  "8 debug pnpm:context": {
    "currentLockfileExists": false,
    "storeDir": "/Users/stevemu/.pnpm-store/v3",
    "virtualStoreDir": "/Users/stevemu/Documents/clean-code/clean-architecture-backend-only-turbo/node_modules/.pnpm"
  },
  "9 debug pnpm:stage": {
    "prefix": "/Users/stevemu/Documents/clean-code/clean-architecture-backend-only-turbo",
    "stage": "resolution_started"
  },
  "10 debug pnpm:request-retry": {
    "attempt": 1,
    "error": {
      "code": "ERR_INVALID_THIS"
    },
    "maxRetries": 2,
    "method": "GET",
    "timeout": 10000,
    "url": "https://registry.npmjs.org/@typescript-eslint%2Feslint-plugin"
  },
  "11 debug pnpm:request-retry": {
    "attempt": 1,
    "error": {
      "code": "ERR_INVALID_THIS"
    },
    "maxRetries": 2,
    "method": "GET",
    "timeout": 10000,
    "url": "https://registry.npmjs.org/@typescript-eslint%2Fparser"
  },
  "12 debug pnpm:request-retry": {
    "attempt": 1,
    "error": {
      "code": "ERR_INVALID_THIS"
    },
    "maxRetries": 2,
    "method": "GET",
    "timeout": 10000,
    "url": "https://registry.npmjs.org/@vercel%2Fstyle-guide"
  },
  "13 debug pnpm:request-retry": {
    "attempt": 1,
    "error": {
      "code": "ERR_INVALID_THIS"
    },
    "maxRetries": 2,
    "method": "GET",
    "timeout": 10000,
    "url": "https://registry.npmjs.org/eslint-config-prettier"
  },
  "14 debug pnpm:request-retry": {
    "attempt": 1,
    "error": {
      "code": "ERR_INVALID_THIS"
    },
    "maxRetries": 2,
    "method": "GET",
    "timeout": 10000,
    "url": "https://registry.npmjs.org/eslint-config-turbo"
  },
  "15 debug pnpm:request-retry": {
    "attempt": 1,
    "error": {
      "code": "ERR_INVALID_THIS"
    },
    "maxRetries": 2,
    "method": "GET",
    "timeout": 10000,
    "url": "https://registry.npmjs.org/eslint-plugin-only-warn"
  },
  "16 debug pnpm:request-retry": {
    "attempt": 1,
    "error": {
      "code": "ERR_INVALID_THIS"
    },
    "maxRetries": 2,
    "method": "GET",
    "timeout": 10000,
    "url": "https://registry.npmjs.org/eslint-plugin-prettier"
  },
  "17 debug pnpm:request-retry": {
    "attempt": 1,
    "error": {
      "code": "ERR_INVALID_THIS"
    },
    "maxRetries": 2,
    "method": "GET",
    "timeout": 10000,
    "url": "https://registry.npmjs.org/typescript"
  },
  "18 debug pnpm:request-retry": {
    "attempt": 1,
    "error": {
      "code": "ERR_INVALID_THIS"
    },
    "maxRetries": 2,
    "method": "GET",
    "timeout": 10000,
    "url": "https://registry.npmjs.org/@types%2Feslint"
  },
  "19 debug pnpm:request-retry": {
    "attempt": 1,
    "error": {
      "code": "ERR_INVALID_THIS"
    },
    "maxRetries": 2,
    "method": "GET",
    "timeout": 10000,
    "url": "https://registry.npmjs.org/@types%2Fnode"
  },
  "20 debug pnpm:request-retry": {
    "attempt": 1,
    "error": {
      "code": "ERR_INVALID_THIS"
    },
    "maxRetries": 2,
    "method": "GET",
    "timeout": 10000,
    "url": "https://registry.npmjs.org/@types%2Freact"
  },
  "21 debug pnpm:request-retry": {
    "attempt": 1,
    "error": {
      "code": "ERR_INVALID_THIS"
    },
    "maxRetries": 2,
    "method": "GET",
    "timeout": 10000,
    "url": "https://registry.npmjs.org/@types%2Freact-dom"
  },
  "22 debug pnpm:request-retry": {
    "attempt": 1,
    "error": {
      "code": "ERR_INVALID_THIS"
    },
    "maxRetries": 2,
    "method": "GET",
    "timeout": 10000,
    "url": "https://registry.npmjs.org/eslint"
  },
  "23 debug pnpm:request-retry": {
    "attempt": 1,
    "error": {
      "code": "ERR_INVALID_THIS"
    },
    "maxRetries": 2,
    "method": "GET",
    "timeout": 10000,
    "url": "https://registry.npmjs.org/next"
  },
  "24 debug pnpm:_dependency_resolved": {
    "resolution": "link:../../packages/typescript-config",
    "wanted": {
      "dependentId": "apps/apis",
      "name": "@repo/typescript-config",
      "rawSpec": "workspace:*"
    }
  },
  "25 debug pnpm:request-retry": {
    "attempt": 1,
    "error": {
      "code": "ERR_INVALID_THIS"
    },
    "maxRetries": 2,
    "method": "GET",
    "timeout": 10000,
    "url": "https://registry.npmjs.org/react"
  },
  "26 debug pnpm:request-retry": {
    "attempt": 2,
    "error": {
      "code": "ERR_INVALID_THIS"
    },
    "maxRetries": 2,
    "method": "GET",
    "timeout": 60000,
    "url": "https://registry.npmjs.org/@typescript-eslint%2Feslint-plugin"
  },
  "27 debug pnpm:request-retry": {
    "attempt": 2,
    "error": {
      "code": "ERR_INVALID_THIS"
    },
    "maxRetries": 2,
    "method": "GET",
    "timeout": 60000,
    "url": "https://registry.npmjs.org/@typescript-eslint%2Fparser"
  },
  "28 debug pnpm:request-retry": {
    "attempt": 2,
    "error": {
      "code": "ERR_INVALID_THIS"
    },
    "maxRetries": 2,
    "method": "GET",
    "timeout": 60000,
    "url": "https://registry.npmjs.org/@vercel%2Fstyle-guide"
  },
  "29 debug pnpm:request-retry": {
    "attempt": 2,
    "error": {
      "code": "ERR_INVALID_THIS"
    },
    "maxRetries": 2,
    "method": "GET",
    "timeout": 60000,
    "url": "https://registry.npmjs.org/eslint-config-prettier"
  },
  "30 debug pnpm:request-retry": {
    "attempt": 2,
    "error": {
      "code": "ERR_INVALID_THIS"
    },
    "maxRetries": 2,
    "method": "GET",
    "timeout": 60000,
    "url": "https://registry.npmjs.org/eslint-config-turbo"
  },
  "31 debug pnpm:request-retry": {
    "attempt": 2,
    "error": {
      "code": "ERR_INVALID_THIS"
    },
    "maxRetries": 2,
    "method": "GET",
    "timeout": 60000,
    "url": "https://registry.npmjs.org/eslint-plugin-only-warn"
  },
  "32 debug pnpm:request-retry": {
    "attempt": 2,
    "error": {
      "code": "ERR_INVALID_THIS"
    },
    "maxRetries": 2,
    "method": "GET",
    "timeout": 60000,
    "url": "https://registry.npmjs.org/eslint-plugin-prettier"
  },
  "33 debug pnpm:request-retry": {
    "attempt": 2,
    "error": {
      "code": "ERR_INVALID_THIS"
    },
    "maxRetries": 2,
    "method": "GET",
    "timeout": 60000,
    "url": "https://registry.npmjs.org/typescript"
  },
  "34 debug pnpm:request-retry": {
    "attempt": 2,
    "error": {
      "code": "ERR_INVALID_THIS"
    },
    "maxRetries": 2,
    "method": "GET",
    "timeout": 60000,
    "url": "https://registry.npmjs.org/@types%2Feslint"
  },
  "35 debug pnpm:request-retry": {
    "attempt": 2,
    "error": {
      "code": "ERR_INVALID_THIS"
    },
    "maxRetries": 2,
    "method": "GET",
    "timeout": 60000,
    "url": "https://registry.npmjs.org/@types%2Fnode"
  },
  "36 debug pnpm:request-retry": {
    "attempt": 2,
    "error": {
      "code": "ERR_INVALID_THIS"
    },
    "maxRetries": 2,
    "method": "GET",
    "timeout": 60000,
    "url": "https://registry.npmjs.org/@types%2Freact"
  },
  "37 debug pnpm:request-retry": {
    "attempt": 2,
    "error": {
      "code": "ERR_INVALID_THIS"
    },
    "maxRetries": 2,
    "method": "GET",
    "timeout": 60000,
    "url": "https://registry.npmjs.org/@types%2Freact-dom"
  },
  "38 debug pnpm:request-retry": {
    "attempt": 2,
    "error": {
      "code": "ERR_INVALID_THIS"
    },
    "maxRetries": 2,
    "method": "GET",
    "timeout": 60000,
    "url": "https://registry.npmjs.org/eslint"
  },
  "39 debug pnpm:request-retry": {
    "attempt": 2,
    "error": {
      "code": "ERR_INVALID_THIS"
    },
    "maxRetries": 2,
    "method": "GET",
    "timeout": 60000,
    "url": "https://registry.npmjs.org/next"
  },
  "40 debug pnpm:request-retry": {
    "attempt": 2,
    "error": {
      "code": "ERR_INVALID_THIS"
    },
    "maxRetries": 2,
    "method": "GET",
    "timeout": 60000,
    "url": "https://registry.npmjs.org/react"
  },
  "41 debug pnpm:request-retry": {
    "attempt": 1,
    "error": {
      "code": "ERR_INVALID_THIS"
    },
    "maxRetries": 2,
    "method": "GET",
    "timeout": 10000,
    "url": "https://registry.npmjs.org/react-dom"
  },
  "42 error pnpm": {
    "code": "ERR_PNPM_META_FETCH_FAIL",
    "attempts": 1,
    "pkgsStack": [],
    "err": {
      "name": "pnpm",
      "message": "GET https://registry.npmjs.org/@typescript-eslint%2Feslint-plugin: Value of \"this\" must be of type URLSearchParams",
      "code": "ERR_PNPM_META_FETCH_FAIL",
      "stack": "pnpm: GET https://registry.npmjs.org/@typescript-eslint%2Feslint-plugin: Value of \"this\" must be of type URLSearchParams\n    at RetryOperation._fn (/Users/stevemu/.nvm/versions/node/v16.14.2/lib/node_modules/pnpm/dist/pnpm.cjs:84844:18)\n    at processTicksAndRejections (node:internal/process/task_queues:95:5)\n    at runNextTicks (node:internal/process/task_queues:64:3)\n    at listOnTimeout (node:internal/timers:545:9)\n    at process.processTimers (node:internal/timers:519:7)"
    }
  },
  "43 debug pnpm:_dependency_resolved": {
    "resolution": "link:../eslint-config",
    "wanted": {
      "dependentId": "packages/entities",
      "name": "@repo/eslint-config",
      "rawSpec": "workspace:*"
    }
  },
  "44 debug pnpm:_dependency_resolved": {
    "resolution": "link:../typescript-config",
    "wanted": {
      "dependentId": "packages/entities",
      "name": "@repo/typescript-config",
      "rawSpec": "workspace:*"
    }
  },
  "45 debug pnpm:request-retry": {
    "attempt": 1,
    "error": {
      "code": "ERR_INVALID_THIS"
    },
    "maxRetries": 2,
    "method": "GET",
    "timeout": 10000,
    "url": "https://registry.npmjs.org/typescript"
  },
  "46 debug pnpm:_dependency_resolved": {
    "resolution": "link:../eslint-config",
    "wanted": {
      "dependentId": "packages/gateway",
      "name": "@repo/eslint-config",
      "rawSpec": "workspace:*"
    }
  },
  "47 debug pnpm:_dependency_resolved": {
    "resolution": "link:../typescript-config",
    "wanted": {
      "dependentId": "packages/gateway",
      "name": "@repo/typescript-config",
      "rawSpec": "workspace:*"
    }
  },
  "48 debug pnpm:_dependency_resolved": {
    "resolution": "link:../entities",
    "wanted": {
      "dependentId": "packages/gateway",
      "name": "@repo/entities",
      "rawSpec": "workspace:*"
    }
  },
  "49 debug pnpm:_dependency_resolved": {
    "resolution": "link:../eslint-config",
    "wanted": {
      "dependentId": "packages/gateway-impl",
      "name": "@repo/eslint-config",
      "rawSpec": "workspace:*"
    }
  },
  "50 debug pnpm:_dependency_resolved": {
    "resolution": "link:../typescript-config",
    "wanted": {
      "dependentId": "packages/gateway-impl",
      "name": "@repo/typescript-config",
      "rawSpec": "workspace:*"
    }
  },
  "51 debug pnpm:_dependency_resolved": {
    "resolution": "link:../gateway",
    "wanted": {
      "dependentId": "packages/gateway-impl",
      "name": "@repo/gateway",
      "rawSpec": "workspace:*"
    }
  },
  "52 debug pnpm:_dependency_resolved": {
    "resolution": "link:../entities",
    "wanted": {
      "dependentId": "packages/gateway-impl",
      "name": "@repo/entities",
      "rawSpec": "workspace:*"
    }
  },
  "53 debug pnpm:request-retry": {
    "attempt": 1,
    "error": {
      "code": "ERR_INVALID_THIS"
    },
    "maxRetries": 2,
    "method": "GET",
    "timeout": 10000,
    "url": "https://registry.npmjs.org/aws4"
  },
  "54 debug pnpm:request-retry": {
    "attempt": 1,
    "error": {
      "code": "ERR_INVALID_THIS"
    },
    "maxRetries": 2,
    "method": "GET",
    "timeout": 10000,
    "url": "https://registry.npmjs.org/mongodb"
  },
  "55 debug pnpm:request-retry": {
    "attempt": 1,
    "error": {
      "code": "ERR_INVALID_THIS"
    },
    "maxRetries": 2,
    "method": "GET",
    "timeout": 10000,
    "url": "https://registry.npmjs.org/mongoose"
  },
  "56 debug pnpm:_dependency_resolved": {
    "resolution": "link:packages/eslint-config",
    "wanted": {
      "dependentId": ".",
      "name": "@repo/eslint-config",
      "rawSpec": "workspace:*"
    }
  },
  "57 debug pnpm:_dependency_resolved": {
    "resolution": "link:packages/typescript-config",
    "wanted": {
      "dependentId": ".",
      "name": "@repo/typescript-config",
      "rawSpec": "workspace:*"
    }
  },
  "58 debug pnpm:request-retry": {
    "attempt": 1,
    "error": {
      "code": "ERR_INVALID_THIS"
    },
    "maxRetries": 2,
    "method": "GET",
    "timeout": 10000,
    "url": "https://registry.npmjs.org/@types%2Fjest"
  }
}